{
  "RSpec": {
    "coverage": {
      "/Users/rebekahgalliano/Projects/Makers/WK8/acebook-rails-template-1/spec/controllers/posts_controller_spec.rb": {
        "lines": [
          1,
          null,
          1,
          1,
          1,
          1,
          1,
          null,
          null,
          null,
          1,
          1,
          1,
          1,
          null,
          null,
          1,
          1,
          1,
          null,
          null,
          null,
          1,
          1,
          1,
          1,
          null,
          null,
          null
        ]
      },
      "/Users/rebekahgalliano/Projects/Makers/WK8/acebook-rails-template-1/spec/rails_helper.rb": {
        "lines": [
          null,
          1,
          1,
          null,
          1,
          1,
          1,
          null,
          null,
          null,
          null,
          null,
          null,
          null,
          null,
          null,
          null,
          null,
          null,
          null,
          null,
          null,
          null,
          null,
          null,
          null,
          1,
          null,
          1,
          null,
          1,
          null,
          null,
          null,
          null,
          1,
          null,
          null,
          null,
          null,
          null,
          null,
          null,
          null,
          null,
          null,
          null,
          null,
          null,
          null,
          1,
          null,
          null,
          1,
          null,
          null,
          null
        ]
      },
      "/Users/rebekahgalliano/Projects/Makers/WK8/acebook-rails-template-1/config/environment.rb": {
        "lines": [
          null,
          1,
          null,
          null,
          1
        ]
      },
      "/Users/rebekahgalliano/Projects/Makers/WK8/acebook-rails-template-1/config/application.rb": {
        "lines": [
          1,
          null,
          1,
          null,
          null,
          null,
          1,
          null,
          1,
          1,
          null,
          1,
          null,
          null,
          null,
          null,
          null,
          null
        ]
      },
      "/Users/rebekahgalliano/Projects/Makers/WK8/acebook-rails-template-1/config/boot.rb": {
        "lines": [
          1,
          null,
          1
        ]
      },
      "/Users/rebekahgalliano/Projects/Makers/WK8/acebook-rails-template-1/config/environments/test.rb": {
        "lines": [
          1,
          null,
          null,
          null,
          null,
          null,
          null,
          1,
          null,
          null,
          null,
          null,
          1,
          null,
          null,
          1,
          1,
          null,
          null,
          null,
          null,
          1,
          1,
          null,
          null,
          1,
          null,
          null,
          1,
          1,
          null,
          null,
          null,
          null,
          1,
          null,
          null,
          1,
          null,
          null,
          null,
          null
        ]
      },
      "/Users/rebekahgalliano/Projects/Makers/WK8/acebook-rails-template-1/config/initializers/application_controller_renderer.rb": {
        "lines": [
          null,
          null,
          null,
          null,
          null,
          null
        ]
      },
      "/Users/rebekahgalliano/Projects/Makers/WK8/acebook-rails-template-1/config/initializers/assets.rb": {
        "lines": [
          null,
          null,
          null,
          1,
          null,
          null,
          null,
          null,
          1,
          null,
          null,
          null,
          null,
          null
        ]
      },
      "/Users/rebekahgalliano/Projects/Makers/WK8/acebook-rails-template-1/config/initializers/backtrace_silencers.rb": {
        "lines": [
          null,
          null,
          null,
          null,
          null,
          null,
          null
        ]
      },
      "/Users/rebekahgalliano/Projects/Makers/WK8/acebook-rails-template-1/config/initializers/cookies_serializer.rb": {
        "lines": [
          null,
          null,
          null,
          null,
          1
        ]
      },
      "/Users/rebekahgalliano/Projects/Makers/WK8/acebook-rails-template-1/config/initializers/filter_parameter_logging.rb": {
        "lines": [
          null,
          null,
          null,
          1
        ]
      },
      "/Users/rebekahgalliano/Projects/Makers/WK8/acebook-rails-template-1/config/initializers/inflections.rb": {
        "lines": [
          null,
          null,
          null,
          null,
          null,
          null,
          null,
          null,
          null,
          null,
          null,
          null,
          null,
          null,
          null,
          null
        ]
      },
      "/Users/rebekahgalliano/Projects/Makers/WK8/acebook-rails-template-1/config/initializers/mime_types.rb": {
        "lines": [
          null,
          null,
          null,
          null
        ]
      },
      "/Users/rebekahgalliano/Projects/Makers/WK8/acebook-rails-template-1/config/initializers/wrap_parameters.rb": {
        "lines": [
          null,
          null,
          null,
          null,
          null,
          null,
          1,
          2,
          null,
          null,
          null,
          null,
          null,
          null
        ]
      },
      "/Users/rebekahgalliano/Projects/Makers/WK8/acebook-rails-template-1/config/routes.rb": {
        "lines": [
          1,
          null,
          null,
          1,
          null
        ]
      },
      "/Users/rebekahgalliano/Projects/Makers/WK8/acebook-rails-template-1/app/helpers/application_helper.rb": {
        "lines": [
          1,
          null
        ]
      },
      "/Users/rebekahgalliano/Projects/Makers/WK8/acebook-rails-template-1/app/controllers/posts_controller.rb": {
        "lines": [
          1,
          1,
          2,
          null,
          null,
          1,
          3,
          3,
          null,
          null,
          1,
          3,
          null,
          null,
          1,
          null,
          1,
          3,
          null,
          null
        ]
      },
      "/Users/rebekahgalliano/Projects/Makers/WK8/acebook-rails-template-1/app/controllers/application_controller.rb": {
        "lines": [
          1,
          1,
          null
        ]
      },
      "/Users/rebekahgalliano/Projects/Makers/WK8/acebook-rails-template-1/spec/features/user_can_submit_posts_spec.rb": {
        "lines": [
          1,
          null,
          1,
          1,
          1,
          1,
          1,
          1,
          1,
          null,
          null
        ]
      },
      "/Users/rebekahgalliano/Projects/Makers/WK8/acebook-rails-template-1/spec/models/post_spec.rb": {
        "lines": [
          1,
          null,
          1,
          2,
          null
        ]
      },
      "/Users/rebekahgalliano/Projects/Makers/WK8/acebook-rails-template-1/app/models/post.rb": {
        "lines": [
          1,
          null
        ]
      },
      "/Users/rebekahgalliano/Projects/Makers/WK8/acebook-rails-template-1/app/models/application_record.rb": {
        "lines": [
          1,
          1,
          null
        ]
      }
    },
    "timestamp": 1605620087
  }
}
